2017-06-30T17:51:17.646+0400 [initandlisten] MongoDB starting : pid=5015 port=27017 dbpath=/home/gevorg/Desktop/newNode/imageUpload/ncnlldb 64-bit host=gev-pc
2017-06-30T17:51:17.647+0400 [initandlisten] db version v2.6.10
2017-06-30T17:51:17.647+0400 [initandlisten] git version: nogitversion
2017-06-30T17:51:17.647+0400 [initandlisten] OpenSSL version: OpenSSL 1.0.2g  1 Mar 2016
2017-06-30T17:51:17.647+0400 [initandlisten] build info: Linux lgw01-12 3.19.0-25-generic #26~14.04.1-Ubuntu SMP Fri Jul 24 21:16:20 UTC 2015 x86_64 BOOST_LIB_VERSION=1_58
2017-06-30T17:51:17.647+0400 [initandlisten] allocator: tcmalloc
2017-06-30T17:51:17.647+0400 [initandlisten] options: { processManagement: { fork: true }, storage: { dbPath: "ncnlldb" }, systemLog: { destination: "file", path: "mongo.log" } }
2017-06-30T17:51:17.657+0400 [initandlisten] exception in initAndListen: 10296 
*********************************************************************
 ERROR: dbpath (/home/gevorg/Desktop/newNode/imageUpload/ncnlldb) does not exist.
 Create this directory or give existing directory in --dbpath.
 See http://dochub.mongodb.org/core/startingandstoppingmongo
*********************************************************************
, terminating
2017-06-30T17:51:17.657+0400 [initandlisten] dbexit: 
2017-06-30T17:51:17.657+0400 [initandlisten] shutdown: going to close listening sockets...
2017-06-30T17:51:17.657+0400 [initandlisten] shutdown: going to flush diaglog...
2017-06-30T17:51:17.657+0400 [initandlisten] shutdown: going to close sockets...
2017-06-30T17:51:17.657+0400 [initandlisten] shutdown: waiting for fs preallocator...
2017-06-30T17:51:17.657+0400 [initandlisten] shutdown: lock for final commit...
2017-06-30T17:51:17.657+0400 [initandlisten] shutdown: final commit...
2017-06-30T17:51:17.657+0400 [initandlisten] shutdown: closing all files...
2017-06-30T17:51:17.657+0400 [initandlisten] closeAllFiles() finished
2017-06-30T17:51:17.657+0400 [initandlisten] dbexit: really exiting now
